[0.329s] DEBUG:colcon:Command line arguments: ['/usr/bin/colcon', 'build', '--packages-select', 'my_interfaces']
[0.329s] DEBUG:colcon:Parsed command line arguments: Namespace(log_base=None, log_level=None, verb_name='build', build_base='build', install_base='install', merge_install=False, symlink_install=False, test_result_base=None, continue_on_error=False, executor='parallel', parallel_workers=12, event_handlers=None, ignore_user_meta=False, metas=['./colcon.meta'], base_paths=['.'], packages_ignore=None, packages_ignore_regex=None, paths=None, packages_up_to=None, packages_up_to_regex=None, packages_above=None, packages_above_and_dependencies=None, packages_above_depth=None, packages_select_by_dep=None, packages_skip_by_dep=None, packages_skip_up_to=None, packages_select_build_failed=False, packages_skip_build_finished=False, packages_select_test_failures=False, packages_skip_test_passed=False, packages_select=['my_interfaces'], packages_skip=None, packages_select_regex=None, packages_skip_regex=None, packages_start=None, packages_end=None, allow_overriding=[], cmake_args=None, cmake_target=None, cmake_target_skip_unavailable=False, cmake_clean_cache=False, cmake_clean_first=False, cmake_force_configure=False, ament_cmake_args=None, catkin_cmake_args=None, catkin_skip_building_tests=False, mixin_files=None, mixin=None, verb_parser=<colcon_mixin.mixin.mixin_argument.MixinArgumentDecorator object at 0x7f681e7e8970>, verb_extension=<colcon_core.verb.build.BuildVerb object at 0x7f681f1f1990>, main=<bound method BuildVerb.main of <colcon_core.verb.build.BuildVerb object at 0x7f681f1f1990>>, mixin_verb=('build',))
[0.349s] Level 1:colcon.colcon_core.package_discovery:discover_packages(colcon_meta) check parameters
[0.350s] Level 1:colcon.colcon_core.package_discovery:discover_packages(recursive) check parameters
[0.350s] Level 1:colcon.colcon_core.package_discovery:discover_packages(ignore) check parameters
[0.350s] Level 1:colcon.colcon_core.package_discovery:discover_packages(path) check parameters
[0.350s] Level 1:colcon.colcon_core.package_discovery:discover_packages(colcon_meta) discover
[0.350s] Level 1:colcon.colcon_core.package_discovery:discover_packages(recursive) discover
[0.350s] INFO:colcon.colcon_core.package_discovery:Crawling recursively for packages in '/home/quonone/workspace/dev_ws/src'
[0.350s] Level 1:colcon.colcon_core.package_identification:_identify(.) by extensions ['ignore', 'ignore_ament_install']
[0.350s] Level 1:colcon.colcon_core.package_identification:_identify(.) by extension 'ignore'
[0.350s] Level 1:colcon.colcon_core.package_identification:_identify(.) by extension 'ignore_ament_install'
[0.350s] Level 1:colcon.colcon_core.package_identification:_identify(.) by extensions ['colcon_pkg']
[0.350s] Level 1:colcon.colcon_core.package_identification:_identify(.) by extension 'colcon_pkg'
[0.350s] Level 1:colcon.colcon_core.package_identification:_identify(.) by extensions ['colcon_meta']
[0.350s] Level 1:colcon.colcon_core.package_identification:_identify(.) by extension 'colcon_meta'
[0.350s] Level 1:colcon.colcon_core.package_identification:_identify(.) by extensions ['ros']
[0.350s] Level 1:colcon.colcon_core.package_identification:_identify(.) by extension 'ros'
[0.358s] Level 1:colcon.colcon_core.package_identification:_identify(.) by extensions ['cmake', 'python']
[0.358s] Level 1:colcon.colcon_core.package_identification:_identify(.) by extension 'cmake'
[0.358s] Level 1:colcon.colcon_core.package_identification:_identify(.) by extension 'python'
[0.358s] Level 1:colcon.colcon_core.package_identification:_identify(.) by extensions ['python_setup_py']
[0.358s] Level 1:colcon.colcon_core.package_identification:_identify(.) by extension 'python_setup_py'
[0.358s] Level 1:colcon.colcon_core.package_identification:_identify(build) by extensions ['ignore', 'ignore_ament_install']
[0.358s] Level 1:colcon.colcon_core.package_identification:_identify(build) by extension 'ignore'
[0.358s] Level 1:colcon.colcon_core.package_identification:_identify(build) ignored
[0.358s] Level 1:colcon.colcon_core.package_identification:_identify(camera) by extensions ['ignore', 'ignore_ament_install']
[0.358s] Level 1:colcon.colcon_core.package_identification:_identify(camera) by extension 'ignore'
[0.358s] Level 1:colcon.colcon_core.package_identification:_identify(camera) by extension 'ignore_ament_install'
[0.358s] Level 1:colcon.colcon_core.package_identification:_identify(camera) by extensions ['colcon_pkg']
[0.358s] Level 1:colcon.colcon_core.package_identification:_identify(camera) by extension 'colcon_pkg'
[0.358s] Level 1:colcon.colcon_core.package_identification:_identify(camera) by extensions ['colcon_meta']
[0.358s] Level 1:colcon.colcon_core.package_identification:_identify(camera) by extension 'colcon_meta'
[0.358s] Level 1:colcon.colcon_core.package_identification:_identify(camera) by extensions ['ros']
[0.358s] Level 1:colcon.colcon_core.package_identification:_identify(camera) by extension 'ros'
[0.360s] DEBUG:colcon.colcon_core.package_identification:Package 'camera' with type 'ros.ament_cmake' and name 'camera'
[0.360s] Level 1:colcon.colcon_core.package_identification:_identify(detector) by extensions ['ignore', 'ignore_ament_install']
[0.360s] Level 1:colcon.colcon_core.package_identification:_identify(detector) by extension 'ignore'
[0.360s] Level 1:colcon.colcon_core.package_identification:_identify(detector) by extension 'ignore_ament_install'
[0.361s] Level 1:colcon.colcon_core.package_identification:_identify(detector) by extensions ['colcon_pkg']
[0.361s] Level 1:colcon.colcon_core.package_identification:_identify(detector) by extension 'colcon_pkg'
[0.361s] Level 1:colcon.colcon_core.package_identification:_identify(detector) by extensions ['colcon_meta']
[0.361s] Level 1:colcon.colcon_core.package_identification:_identify(detector) by extension 'colcon_meta'
[0.361s] Level 1:colcon.colcon_core.package_identification:_identify(detector) by extensions ['ros']
[0.361s] Level 1:colcon.colcon_core.package_identification:_identify(detector) by extension 'ros'
[0.361s] DEBUG:colcon.colcon_core.package_identification:Package 'detector' with type 'ros.ament_cmake' and name 'detector'
[0.361s] Level 1:colcon.colcon_core.package_identification:_identify(include) by extensions ['ignore', 'ignore_ament_install']
[0.361s] Level 1:colcon.colcon_core.package_identification:_identify(include) by extension 'ignore'
[0.362s] Level 1:colcon.colcon_core.package_identification:_identify(include) by extension 'ignore_ament_install'
[0.362s] Level 1:colcon.colcon_core.package_identification:_identify(include) by extensions ['colcon_pkg']
[0.362s] Level 1:colcon.colcon_core.package_identification:_identify(include) by extension 'colcon_pkg'
[0.362s] Level 1:colcon.colcon_core.package_identification:_identify(include) by extensions ['colcon_meta']
[0.362s] Level 1:colcon.colcon_core.package_identification:_identify(include) by extension 'colcon_meta'
[0.362s] Level 1:colcon.colcon_core.package_identification:_identify(include) by extensions ['ros']
[0.362s] Level 1:colcon.colcon_core.package_identification:_identify(include) by extension 'ros'
[0.362s] Level 1:colcon.colcon_core.package_identification:_identify(include) by extensions ['cmake', 'python']
[0.362s] Level 1:colcon.colcon_core.package_identification:_identify(include) by extension 'cmake'
[0.362s] Level 1:colcon.colcon_core.package_identification:_identify(include) by extension 'python'
[0.362s] Level 1:colcon.colcon_core.package_identification:_identify(include) by extensions ['python_setup_py']
[0.362s] Level 1:colcon.colcon_core.package_identification:_identify(include) by extension 'python_setup_py'
[0.362s] Level 1:colcon.colcon_core.package_identification:_identify(install) by extensions ['ignore', 'ignore_ament_install']
[0.362s] Level 1:colcon.colcon_core.package_identification:_identify(install) by extension 'ignore'
[0.362s] Level 1:colcon.colcon_core.package_identification:_identify(install) ignored
[0.362s] Level 1:colcon.colcon_core.package_identification:_identify(log) by extensions ['ignore', 'ignore_ament_install']
[0.362s] Level 1:colcon.colcon_core.package_identification:_identify(log) by extension 'ignore'
[0.362s] Level 1:colcon.colcon_core.package_identification:_identify(log) ignored
[0.362s] Level 1:colcon.colcon_core.package_identification:_identify(my_interfaces) by extensions ['ignore', 'ignore_ament_install']
[0.362s] Level 1:colcon.colcon_core.package_identification:_identify(my_interfaces) by extension 'ignore'
[0.362s] Level 1:colcon.colcon_core.package_identification:_identify(my_interfaces) by extension 'ignore_ament_install'
[0.362s] Level 1:colcon.colcon_core.package_identification:_identify(my_interfaces) by extensions ['colcon_pkg']
[0.362s] Level 1:colcon.colcon_core.package_identification:_identify(my_interfaces) by extension 'colcon_pkg'
[0.362s] Level 1:colcon.colcon_core.package_identification:_identify(my_interfaces) by extensions ['colcon_meta']
[0.362s] Level 1:colcon.colcon_core.package_identification:_identify(my_interfaces) by extension 'colcon_meta'
[0.363s] Level 1:colcon.colcon_core.package_identification:_identify(my_interfaces) by extensions ['ros']
[0.363s] Level 1:colcon.colcon_core.package_identification:_identify(my_interfaces) by extension 'ros'
[0.363s] DEBUG:colcon.colcon_core.package_identification:Package 'my_interfaces' with type 'ros.ament_cmake' and name 'my_interfaces'
[0.363s] Level 1:colcon.colcon_core.package_identification:_identify(predictor) by extensions ['ignore', 'ignore_ament_install']
[0.363s] Level 1:colcon.colcon_core.package_identification:_identify(predictor) by extension 'ignore'
[0.363s] Level 1:colcon.colcon_core.package_identification:_identify(predictor) by extension 'ignore_ament_install'
[0.363s] Level 1:colcon.colcon_core.package_identification:_identify(predictor) by extensions ['colcon_pkg']
[0.363s] Level 1:colcon.colcon_core.package_identification:_identify(predictor) by extension 'colcon_pkg'
[0.363s] Level 1:colcon.colcon_core.package_identification:_identify(predictor) by extensions ['colcon_meta']
[0.363s] Level 1:colcon.colcon_core.package_identification:_identify(predictor) by extension 'colcon_meta'
[0.363s] Level 1:colcon.colcon_core.package_identification:_identify(predictor) by extensions ['ros']
[0.363s] Level 1:colcon.colcon_core.package_identification:_identify(predictor) by extension 'ros'
[0.364s] DEBUG:colcon.colcon_core.package_identification:Package 'predictor' with type 'ros.ament_cmake' and name 'predictor'
[0.364s] Level 1:colcon.colcon_core.package_identification:_identify(robot_startup) by extensions ['ignore', 'ignore_ament_install']
[0.364s] Level 1:colcon.colcon_core.package_identification:_identify(robot_startup) by extension 'ignore'
[0.364s] Level 1:colcon.colcon_core.package_identification:_identify(robot_startup) by extension 'ignore_ament_install'
[0.364s] Level 1:colcon.colcon_core.package_identification:_identify(robot_startup) by extensions ['colcon_pkg']
[0.364s] Level 1:colcon.colcon_core.package_identification:_identify(robot_startup) by extension 'colcon_pkg'
[0.364s] Level 1:colcon.colcon_core.package_identification:_identify(robot_startup) by extensions ['colcon_meta']
[0.364s] Level 1:colcon.colcon_core.package_identification:_identify(robot_startup) by extension 'colcon_meta'
[0.364s] Level 1:colcon.colcon_core.package_identification:_identify(robot_startup) by extensions ['ros']
[0.364s] Level 1:colcon.colcon_core.package_identification:_identify(robot_startup) by extension 'ros'
[0.364s] DEBUG:colcon.colcon_core.package_identification:Package 'robot_startup' with type 'ros.ament_cmake' and name 'robot_startup'
[0.364s] Level 1:colcon.colcon_core.package_identification:_identify(script) by extensions ['ignore', 'ignore_ament_install']
[0.365s] Level 1:colcon.colcon_core.package_identification:_identify(script) by extension 'ignore'
[0.365s] Level 1:colcon.colcon_core.package_identification:_identify(script) by extension 'ignore_ament_install'
[0.365s] Level 1:colcon.colcon_core.package_identification:_identify(script) by extensions ['colcon_pkg']
[0.365s] Level 1:colcon.colcon_core.package_identification:_identify(script) by extension 'colcon_pkg'
[0.365s] Level 1:colcon.colcon_core.package_identification:_identify(script) by extensions ['colcon_meta']
[0.365s] Level 1:colcon.colcon_core.package_identification:_identify(script) by extension 'colcon_meta'
[0.365s] Level 1:colcon.colcon_core.package_identification:_identify(script) by extensions ['ros']
[0.365s] Level 1:colcon.colcon_core.package_identification:_identify(script) by extension 'ros'
[0.365s] Level 1:colcon.colcon_core.package_identification:_identify(script) by extensions ['cmake', 'python']
[0.365s] Level 1:colcon.colcon_core.package_identification:_identify(script) by extension 'cmake'
[0.365s] Level 1:colcon.colcon_core.package_identification:_identify(script) by extension 'python'
[0.365s] Level 1:colcon.colcon_core.package_identification:_identify(script) by extensions ['python_setup_py']
[0.365s] Level 1:colcon.colcon_core.package_identification:_identify(script) by extension 'python_setup_py'
[0.365s] Level 1:colcon.colcon_core.package_identification:_identify(serial) by extensions ['ignore', 'ignore_ament_install']
[0.365s] Level 1:colcon.colcon_core.package_identification:_identify(serial) by extension 'ignore'
[0.365s] Level 1:colcon.colcon_core.package_identification:_identify(serial) by extension 'ignore_ament_install'
[0.365s] Level 1:colcon.colcon_core.package_identification:_identify(serial) by extensions ['colcon_pkg']
[0.365s] Level 1:colcon.colcon_core.package_identification:_identify(serial) by extension 'colcon_pkg'
[0.365s] Level 1:colcon.colcon_core.package_identification:_identify(serial) by extensions ['colcon_meta']
[0.365s] Level 1:colcon.colcon_core.package_identification:_identify(serial) by extension 'colcon_meta'
[0.365s] Level 1:colcon.colcon_core.package_identification:_identify(serial) by extensions ['ros']
[0.365s] Level 1:colcon.colcon_core.package_identification:_identify(serial) by extension 'ros'
[0.366s] DEBUG:colcon.colcon_core.package_identification:Package 'serial' with type 'ros.ament_cmake' and name 'serial'
[0.366s] Level 1:colcon.colcon_core.package_discovery:discover_packages(recursive) using defaults
[0.366s] Level 1:colcon.colcon_core.package_discovery:discover_packages(ignore) discover
[0.366s] Level 1:colcon.colcon_core.package_discovery:discover_packages(ignore) using defaults
[0.366s] Level 1:colcon.colcon_core.package_discovery:discover_packages(path) discover
[0.366s] Level 1:colcon.colcon_core.package_discovery:discover_packages(path) using defaults
[0.385s] INFO:colcon.colcon_core.package_selection:Skipping not selected package 'camera' in 'camera'
[0.385s] INFO:colcon.colcon_core.package_selection:Skipping not selected package 'detector' in 'detector'
[0.385s] INFO:colcon.colcon_core.package_selection:Skipping not selected package 'predictor' in 'predictor'
[0.385s] INFO:colcon.colcon_core.package_selection:Skipping not selected package 'robot_startup' in 'robot_startup'
[0.385s] INFO:colcon.colcon_core.package_selection:Skipping not selected package 'serial' in 'serial'
[0.386s] Level 1:colcon.colcon_core.package_discovery:discover_packages(prefix_path) check parameters
[0.386s] Level 1:colcon.colcon_core.package_discovery:discover_packages(prefix_path) discover
[0.389s] DEBUG:colcon.colcon_installed_package_information.package_discovery:Found 1 installed packages in /home/quonone/workspace/dev_ws/src/install
[0.391s] DEBUG:colcon.colcon_installed_package_information.package_discovery:Found 328 installed packages in /opt/ros/humble
[0.392s] Level 1:colcon.colcon_core.package_discovery:discover_packages(prefix_path) using defaults
[0.442s] Level 5:colcon.colcon_core.verb:set package 'my_interfaces' build argument 'cmake_args' from command line to 'None'
[0.442s] Level 5:colcon.colcon_core.verb:set package 'my_interfaces' build argument 'cmake_target' from command line to 'None'
[0.442s] Level 5:colcon.colcon_core.verb:set package 'my_interfaces' build argument 'cmake_target_skip_unavailable' from command line to 'False'
[0.442s] Level 5:colcon.colcon_core.verb:set package 'my_interfaces' build argument 'cmake_clean_cache' from command line to 'False'
[0.442s] Level 5:colcon.colcon_core.verb:set package 'my_interfaces' build argument 'cmake_clean_first' from command line to 'False'
[0.442s] Level 5:colcon.colcon_core.verb:set package 'my_interfaces' build argument 'cmake_force_configure' from command line to 'False'
[0.442s] Level 5:colcon.colcon_core.verb:set package 'my_interfaces' build argument 'ament_cmake_args' from command line to 'None'
[0.442s] Level 5:colcon.colcon_core.verb:set package 'my_interfaces' build argument 'catkin_cmake_args' from command line to 'None'
[0.442s] Level 5:colcon.colcon_core.verb:set package 'my_interfaces' build argument 'catkin_skip_building_tests' from command line to 'False'
[0.442s] DEBUG:colcon.colcon_core.verb:Building package 'my_interfaces' with the following arguments: {'ament_cmake_args': None, 'build_base': '/home/quonone/workspace/dev_ws/src/build/my_interfaces', 'catkin_cmake_args': None, 'catkin_skip_building_tests': False, 'cmake_args': None, 'cmake_clean_cache': False, 'cmake_clean_first': False, 'cmake_force_configure': False, 'cmake_target': None, 'cmake_target_skip_unavailable': False, 'install_base': '/home/quonone/workspace/dev_ws/src/install/my_interfaces', 'merge_install': False, 'path': '/home/quonone/workspace/dev_ws/src/my_interfaces', 'symlink_install': False, 'test_result_base': None}
[0.443s] INFO:colcon.colcon_core.executor:Executing jobs using 'parallel' executor
[0.449s] DEBUG:colcon.colcon_parallel_executor.executor.parallel:run_until_complete
[0.449s] INFO:colcon.colcon_ros.task.ament_cmake.build:Building ROS package in '/home/quonone/workspace/dev_ws/src/my_interfaces' with build type 'ament_cmake'
[0.449s] INFO:colcon.colcon_cmake.task.cmake.build:Building CMake package in '/home/quonone/workspace/dev_ws/src/my_interfaces'
[0.454s] INFO:colcon.colcon_core.plugin_system:Skipping extension 'colcon_core.shell.bat': Not used on non-Windows systems
[0.454s] INFO:colcon.colcon_core.shell:Skip shell extension 'powershell' for command environment: Not usable outside of PowerShell
[0.454s] DEBUG:colcon.colcon_core.shell:Skip shell extension 'dsv' for command environment
[0.467s] DEBUG:colcon.colcon_core.event_handler.log_command:Invoking command in '/home/quonone/workspace/dev_ws/src/build/my_interfaces': CMAKE_PREFIX_PATH=/opt/ros/humble /usr/bin/cmake /home/quonone/workspace/dev_ws/src/my_interfaces -DCMAKE_INSTALL_PREFIX=/home/quonone/workspace/dev_ws/src/install/my_interfaces
[1.905s] DEBUG:colcon.colcon_core.event_handler.log_command:Invoked command in '/home/quonone/workspace/dev_ws/src/build/my_interfaces' returned '0': CMAKE_PREFIX_PATH=/opt/ros/humble /usr/bin/cmake /home/quonone/workspace/dev_ws/src/my_interfaces -DCMAKE_INSTALL_PREFIX=/home/quonone/workspace/dev_ws/src/install/my_interfaces
[1.906s] DEBUG:colcon.colcon_core.event_handler.log_command:Invoking command in '/home/quonone/workspace/dev_ws/src/build/my_interfaces': CMAKE_PREFIX_PATH=/opt/ros/humble /usr/bin/cmake --build /home/quonone/workspace/dev_ws/src/build/my_interfaces -- -j12 -l12
[4.257s] DEBUG:colcon.colcon_core.event_handler.log_command:Invoked command in '/home/quonone/workspace/dev_ws/src/build/my_interfaces' returned '0': CMAKE_PREFIX_PATH=/opt/ros/humble /usr/bin/cmake --build /home/quonone/workspace/dev_ws/src/build/my_interfaces -- -j12 -l12
[4.321s] DEBUG:colcon.colcon_core.event_handler.log_command:Invoking command in '/home/quonone/workspace/dev_ws/src/build/my_interfaces': CMAKE_PREFIX_PATH=/opt/ros/humble /usr/bin/cmake --install /home/quonone/workspace/dev_ws/src/build/my_interfaces
[4.385s] Level 1:colcon.colcon_core.environment:create_environment_scripts_only(my_interfaces)
[4.387s] DEBUG:colcon.colcon_core.event_handler.log_command:Invoked command in '/home/quonone/workspace/dev_ws/src/build/my_interfaces' returned '0': CMAKE_PREFIX_PATH=/opt/ros/humble /usr/bin/cmake --install /home/quonone/workspace/dev_ws/src/build/my_interfaces
[4.393s] Level 1:colcon.colcon_core.environment:checking '/home/quonone/workspace/dev_ws/src/install/my_interfaces' for CMake module files
[4.394s] Level 1:colcon.colcon_core.environment:checking '/home/quonone/workspace/dev_ws/src/install/my_interfaces' for CMake config files
[4.394s] Level 1:colcon.colcon_core.shell:create_environment_hook('my_interfaces', 'cmake_prefix_path')
[4.397s] INFO:colcon.colcon_core.shell:Creating environment hook '/home/quonone/workspace/dev_ws/src/install/my_interfaces/share/my_interfaces/hook/cmake_prefix_path.ps1'
[4.397s] INFO:colcon.colcon_core.shell:Creating environment descriptor '/home/quonone/workspace/dev_ws/src/install/my_interfaces/share/my_interfaces/hook/cmake_prefix_path.dsv'
[4.398s] INFO:colcon.colcon_core.shell:Creating environment hook '/home/quonone/workspace/dev_ws/src/install/my_interfaces/share/my_interfaces/hook/cmake_prefix_path.sh'
[4.399s] Level 1:colcon.colcon_core.environment:checking '/home/quonone/workspace/dev_ws/src/install/my_interfaces/lib'
[4.399s] Level 1:colcon.colcon_core.shell:create_environment_hook('my_interfaces', 'ld_library_path_lib')
[4.402s] INFO:colcon.colcon_core.shell:Creating environment hook '/home/quonone/workspace/dev_ws/src/install/my_interfaces/share/my_interfaces/hook/ld_library_path_lib.ps1'
[4.402s] INFO:colcon.colcon_core.shell:Creating environment descriptor '/home/quonone/workspace/dev_ws/src/install/my_interfaces/share/my_interfaces/hook/ld_library_path_lib.dsv'
[4.402s] INFO:colcon.colcon_core.shell:Creating environment hook '/home/quonone/workspace/dev_ws/src/install/my_interfaces/share/my_interfaces/hook/ld_library_path_lib.sh'
[4.402s] Level 1:colcon.colcon_core.environment:checking '/home/quonone/workspace/dev_ws/src/install/my_interfaces/bin'
[4.402s] Level 1:colcon.colcon_core.environment:checking '/home/quonone/workspace/dev_ws/src/install/my_interfaces/lib/pkgconfig/my_interfaces.pc'
[4.402s] Level 1:colcon.colcon_core.environment:checking '/home/quonone/workspace/dev_ws/src/install/my_interfaces/lib/python3.10/site-packages'
[4.403s] Level 1:colcon.colcon_core.environment:checking '/home/quonone/workspace/dev_ws/src/install/my_interfaces/bin'
[4.405s] INFO:colcon.colcon_core.shell:Creating package script '/home/quonone/workspace/dev_ws/src/install/my_interfaces/share/my_interfaces/package.ps1'
[4.406s] INFO:colcon.colcon_core.shell:Creating package descriptor '/home/quonone/workspace/dev_ws/src/install/my_interfaces/share/my_interfaces/package.dsv'
[4.407s] INFO:colcon.colcon_core.shell:Creating package script '/home/quonone/workspace/dev_ws/src/install/my_interfaces/share/my_interfaces/package.sh'
[4.407s] INFO:colcon.colcon_core.shell:Creating package script '/home/quonone/workspace/dev_ws/src/install/my_interfaces/share/my_interfaces/package.bash'
[4.408s] INFO:colcon.colcon_core.shell:Creating package script '/home/quonone/workspace/dev_ws/src/install/my_interfaces/share/my_interfaces/package.zsh'
[4.408s] Level 1:colcon.colcon_core.environment:create_file_with_runtime_dependencies(/home/quonone/workspace/dev_ws/src/install/my_interfaces/share/colcon-core/packages/my_interfaces)
[4.457s] Level 1:colcon.colcon_core.environment:create_environment_scripts_only(my_interfaces)
[4.460s] Level 1:colcon.colcon_core.environment:checking '/home/quonone/workspace/dev_ws/src/install/my_interfaces' for CMake module files
[4.461s] Level 1:colcon.colcon_core.environment:checking '/home/quonone/workspace/dev_ws/src/install/my_interfaces' for CMake config files
[4.461s] Level 1:colcon.colcon_core.shell:create_environment_hook('my_interfaces', 'cmake_prefix_path')
[4.464s] INFO:colcon.colcon_core.shell:Creating environment hook '/home/quonone/workspace/dev_ws/src/install/my_interfaces/share/my_interfaces/hook/cmake_prefix_path.ps1'
[4.464s] INFO:colcon.colcon_core.shell:Creating environment descriptor '/home/quonone/workspace/dev_ws/src/install/my_interfaces/share/my_interfaces/hook/cmake_prefix_path.dsv'
[4.464s] INFO:colcon.colcon_core.shell:Creating environment hook '/home/quonone/workspace/dev_ws/src/install/my_interfaces/share/my_interfaces/hook/cmake_prefix_path.sh'
[4.465s] Level 1:colcon.colcon_core.environment:checking '/home/quonone/workspace/dev_ws/src/install/my_interfaces/lib'
[4.465s] Level 1:colcon.colcon_core.shell:create_environment_hook('my_interfaces', 'ld_library_path_lib')
[4.467s] INFO:colcon.colcon_core.shell:Creating environment hook '/home/quonone/workspace/dev_ws/src/install/my_interfaces/share/my_interfaces/hook/ld_library_path_lib.ps1'
[4.468s] INFO:colcon.colcon_core.shell:Creating environment descriptor '/home/quonone/workspace/dev_ws/src/install/my_interfaces/share/my_interfaces/hook/ld_library_path_lib.dsv'
[4.468s] INFO:colcon.colcon_core.shell:Creating environment hook '/home/quonone/workspace/dev_ws/src/install/my_interfaces/share/my_interfaces/hook/ld_library_path_lib.sh'
[4.468s] Level 1:colcon.colcon_core.environment:checking '/home/quonone/workspace/dev_ws/src/install/my_interfaces/bin'
[4.468s] Level 1:colcon.colcon_core.environment:checking '/home/quonone/workspace/dev_ws/src/install/my_interfaces/lib/pkgconfig/my_interfaces.pc'
[4.469s] Level 1:colcon.colcon_core.environment:checking '/home/quonone/workspace/dev_ws/src/install/my_interfaces/lib/python3.10/site-packages'
[4.469s] Level 1:colcon.colcon_core.environment:checking '/home/quonone/workspace/dev_ws/src/install/my_interfaces/bin'
[4.472s] INFO:colcon.colcon_core.shell:Creating package script '/home/quonone/workspace/dev_ws/src/install/my_interfaces/share/my_interfaces/package.ps1'
[4.473s] INFO:colcon.colcon_core.shell:Creating package descriptor '/home/quonone/workspace/dev_ws/src/install/my_interfaces/share/my_interfaces/package.dsv'
[4.473s] INFO:colcon.colcon_core.shell:Creating package script '/home/quonone/workspace/dev_ws/src/install/my_interfaces/share/my_interfaces/package.sh'
[4.474s] INFO:colcon.colcon_core.shell:Creating package script '/home/quonone/workspace/dev_ws/src/install/my_interfaces/share/my_interfaces/package.bash'
[4.474s] INFO:colcon.colcon_core.shell:Creating package script '/home/quonone/workspace/dev_ws/src/install/my_interfaces/share/my_interfaces/package.zsh'
[4.474s] Level 1:colcon.colcon_core.environment:create_file_with_runtime_dependencies(/home/quonone/workspace/dev_ws/src/install/my_interfaces/share/colcon-core/packages/my_interfaces)
[4.475s] DEBUG:colcon.colcon_parallel_executor.executor.parallel:closing loop
[4.475s] DEBUG:colcon.colcon_parallel_executor.executor.parallel:loop closed
[4.475s] DEBUG:colcon.colcon_parallel_executor.executor.parallel:run_until_complete finished with '0'
[4.475s] DEBUG:colcon.colcon_core.event_reactor:joining thread
[4.480s] INFO:colcon.colcon_core.plugin_system:Skipping extension 'colcon_notification.desktop_notification.terminal_notifier': Not used on non-Darwin systems
[4.481s] INFO:colcon.colcon_core.plugin_system:Skipping extension 'colcon_notification.desktop_notification.win32': Not used on non-Windows systems
[4.481s] INFO:colcon.colcon_notification.desktop_notification:Sending desktop notification using 'notify2'
[4.494s] DEBUG:colcon.colcon_core.event_reactor:joined thread
[4.497s] INFO:colcon.colcon_core.shell:Creating prefix script '/home/quonone/workspace/dev_ws/src/install/local_setup.ps1'
[4.498s] INFO:colcon.colcon_core.shell:Creating prefix util module '/home/quonone/workspace/dev_ws/src/install/_local_setup_util_ps1.py'
[4.499s] INFO:colcon.colcon_core.shell:Creating prefix chain script '/home/quonone/workspace/dev_ws/src/install/setup.ps1'
[4.502s] INFO:colcon.colcon_core.shell:Creating prefix script '/home/quonone/workspace/dev_ws/src/install/local_setup.sh'
[4.502s] INFO:colcon.colcon_core.shell:Creating prefix util module '/home/quonone/workspace/dev_ws/src/install/_local_setup_util_sh.py'
[4.503s] INFO:colcon.colcon_core.shell:Creating prefix chain script '/home/quonone/workspace/dev_ws/src/install/setup.sh'
[4.505s] INFO:colcon.colcon_core.shell:Creating prefix script '/home/quonone/workspace/dev_ws/src/install/local_setup.bash'
[4.506s] INFO:colcon.colcon_core.shell:Creating prefix chain script '/home/quonone/workspace/dev_ws/src/install/setup.bash'
[4.509s] INFO:colcon.colcon_core.shell:Creating prefix script '/home/quonone/workspace/dev_ws/src/install/local_setup.zsh'
[4.509s] INFO:colcon.colcon_core.shell:Creating prefix chain script '/home/quonone/workspace/dev_ws/src/install/setup.zsh'
