[0.015s] Invoking command in '/home/quonone/workspace/dev_ws/src/build/predictor': CMAKE_PREFIX_PATH=/opt/ros/humble /usr/bin/cmake /home/quonone/workspace/dev_ws/src/predictor -DCMAKE_INSTALL_PREFIX=/home/quonone/workspace/dev_ws/src/install/predictor
[0.023s] -- Found ament_cmake: 1.3.3 (/opt/ros/humble/share/ament_cmake/cmake)
[0.152s] -- Found rclcpp: 16.0.3 (/opt/ros/humble/share/rclcpp/cmake)
[0.174s] -- Found rosidl_generator_c: 3.1.4 (/opt/ros/humble/share/rosidl_generator_c/cmake)
[0.175s] -- Found rosidl_adapter: 3.1.4 (/opt/ros/humble/share/rosidl_adapter/cmake)
[0.179s] -- Found rosidl_generator_cpp: 3.1.4 (/opt/ros/humble/share/rosidl_generator_cpp/cmake)
[0.187s] -- Using all available rosidl_typesupport_c: rosidl_typesupport_fastrtps_c;rosidl_typesupport_introspection_c
[0.197s] -- Using all available rosidl_typesupport_cpp: rosidl_typesupport_fastrtps_cpp;rosidl_typesupport_introspection_cpp
[0.247s] -- Found rmw_implementation_cmake: 6.1.1 (/opt/ros/humble/share/rmw_implementation_cmake/cmake)
[0.248s] -- Found rmw_fastrtps_cpp: 6.2.2 (/opt/ros/humble/share/rmw_fastrtps_cpp/cmake)
[0.333s] -- Using RMW implementation 'rmw_fastrtps_cpp' as default
[0.466s] [31mCMake Error at CMakeLists.txt:11 (find_package):
[0.466s]   By not providing "Findmy_interfaces.cmake" in CMAKE_MODULE_PATH this
[0.466s]   project has asked CMake to find a package configuration file provided by
[0.466s]   "my_interfaces", but CMake did not find one.
[0.466s] 
[0.466s]   Could not find a package configuration file provided by "my_interfaces"
[0.466s]   with any of the following names:
[0.466s] 
[0.466s]     my_interfacesConfig.cmake
[0.466s]     my_interfaces-config.cmake
[0.466s] 
[0.467s]   Add the installation prefix of "my_interfaces" to CMAKE_PREFIX_PATH or set
[0.467s]   "my_interfaces_DIR" to a directory containing one of the above files.  If
[0.467s]   "my_interfaces" provides a separate development package or SDK, be sure it
[0.467s]   has been installed.
[0.467s] 
[0.467s] [0m
[0.467s] -- Configuring incomplete, errors occurred!
[0.467s] See also "/home/quonone/workspace/dev_ws/src/build/predictor/CMakeFiles/CMakeOutput.log".
[0.474s] Invoked command in '/home/quonone/workspace/dev_ws/src/build/predictor' returned '1': CMAKE_PREFIX_PATH=/opt/ros/humble /usr/bin/cmake /home/quonone/workspace/dev_ws/src/predictor -DCMAKE_INSTALL_PREFIX=/home/quonone/workspace/dev_ws/src/install/predictor
