[35m[1mConsolidate compiler generated dependencies of target predictor[0m
[ 50%] [32mBuilding CXX object CMakeFiles/predictor.dir/src/predictor.cpp.o[0m
[100%] [32m[1mLinking CXX executable predictor[0m
[100%] Built target predictor
-- Install configuration: ""
-- Installing: /home/quonone/workspace/dev_ws/src/install/predictor/lib/predictor/predictor
-- Set runtime path of "/home/quonone/workspace/dev_ws/src/install/predictor/lib/predictor/predictor" to ""
-- Installing: /home/quonone/workspace/dev_ws/src/install/predictor/share/ament_index/resource_index/package_run_dependencies/predictor
-- Installing: /home/quonone/workspace/dev_ws/src/install/predictor/share/ament_index/resource_index/parent_prefix_path/predictor
-- Installing: /home/quonone/workspace/dev_ws/src/install/predictor/share/predictor/environment/ament_prefix_path.sh
-- Installing: /home/quonone/workspace/dev_ws/src/install/predictor/share/predictor/environment/ament_prefix_path.dsv
-- Installing: /home/quonone/workspace/dev_ws/src/install/predictor/share/predictor/environment/path.sh
-- Installing: /home/quonone/workspace/dev_ws/src/install/predictor/share/predictor/environment/path.dsv
-- Installing: /home/quonone/workspace/dev_ws/src/install/predictor/share/predictor/local_setup.bash
-- Installing: /home/quonone/workspace/dev_ws/src/install/predictor/share/predictor/local_setup.sh
-- Installing: /home/quonone/workspace/dev_ws/src/install/predictor/share/predictor/local_setup.zsh
-- Installing: /home/quonone/workspace/dev_ws/src/install/predictor/share/predictor/local_setup.dsv
-- Installing: /home/quonone/workspace/dev_ws/src/install/predictor/share/predictor/package.dsv
-- Installing: /home/quonone/workspace/dev_ws/src/install/predictor/share/ament_index/resource_index/packages/predictor
-- Installing: /home/quonone/workspace/dev_ws/src/install/predictor/share/predictor/cmake/predictorConfig.cmake
-- Installing: /home/quonone/workspace/dev_ws/src/install/predictor/share/predictor/cmake/predictorConfig-version.cmake
-- Installing: /home/quonone/workspace/dev_ws/src/install/predictor/share/predictor/package.xml
