Determining if the function sgemm_ exists failed with the following output:
Change Dir: /home/quonone/workspace/dev_ws/src/build/predictor/CMakeFiles/CMakeTmp

Run Build Command(s):/usr/bin/gmake -f Makefile cmTC_8f9ef/fast && /usr/bin/gmake  -f CMakeFiles/cmTC_8f9ef.dir/build.make CMakeFiles/cmTC_8f9ef.dir/build
gmake[1]: 进入目录“/home/quonone/workspace/dev_ws/src/build/predictor/CMakeFiles/CMakeTmp”
Building C object CMakeFiles/cmTC_8f9ef.dir/CheckFunctionExists.c.o
/usr/bin/cc   -DCHECK_FUNCTION_EXISTS=sgemm_ -o CMakeFiles/cmTC_8f9ef.dir/CheckFunctionExists.c.o -c /usr/share/cmake-3.22/Modules/CheckFunctionExists.c
Linking C executable cmTC_8f9ef
/usr/bin/cmake -E cmake_link_script CMakeFiles/cmTC_8f9ef.dir/link.txt --verbose=1
/usr/bin/cc  -DCHECK_FUNCTION_EXISTS=sgemm_ CMakeFiles/cmTC_8f9ef.dir/CheckFunctionExists.c.o -o cmTC_8f9ef 
/usr/bin/ld: CMakeFiles/cmTC_8f9ef.dir/CheckFunctionExists.c.o: in function `main':
CheckFunctionExists.c:(.text+0x14): undefined reference to `sgemm_'
collect2: error: ld returned 1 exit status
gmake[1]: *** [CMakeFiles/cmTC_8f9ef.dir/build.make:99：cmTC_8f9ef] 错误 1
gmake[1]: 离开目录“/home/quonone/workspace/dev_ws/src/build/predictor/CMakeFiles/CMakeTmp”
gmake: *** [Makefile:127：cmTC_8f9ef/fast] 错误 2



Determining if the function cheev_ exists failed with the following output:
Change Dir: /home/quonone/workspace/dev_ws/src/build/predictor/CMakeFiles/CMakeTmp

Run Build Command(s):/usr/bin/gmake -f Makefile cmTC_6cf5d/fast && /usr/bin/gmake  -f CMakeFiles/cmTC_6cf5d.dir/build.make CMakeFiles/cmTC_6cf5d.dir/build
gmake[1]: 进入目录“/home/quonone/workspace/dev_ws/src/build/predictor/CMakeFiles/CMakeTmp”
Building C object CMakeFiles/cmTC_6cf5d.dir/CheckFunctionExists.c.o
/usr/bin/cc   -DCHECK_FUNCTION_EXISTS=cheev_ -o CMakeFiles/cmTC_6cf5d.dir/CheckFunctionExists.c.o -c /usr/share/cmake-3.22/Modules/CheckFunctionExists.c
Linking C executable cmTC_6cf5d
/usr/bin/cmake -E cmake_link_script CMakeFiles/cmTC_6cf5d.dir/link.txt --verbose=1
/usr/bin/cc  -DCHECK_FUNCTION_EXISTS=cheev_ CMakeFiles/cmTC_6cf5d.dir/CheckFunctionExists.c.o -o cmTC_6cf5d  /usr/lib/x86_64-linux-gnu/libblas.so -lm -ldl 
/usr/bin/ld: CMakeFiles/cmTC_6cf5d.dir/CheckFunctionExists.c.o: in function `main':
CheckFunctionExists.c:(.text+0x14): undefined reference to `cheev_'
collect2: error: ld returned 1 exit status
gmake[1]: *** [CMakeFiles/cmTC_6cf5d.dir/build.make:100：cmTC_6cf5d] 错误 1
gmake[1]: 离开目录“/home/quonone/workspace/dev_ws/src/build/predictor/CMakeFiles/CMakeTmp”
gmake: *** [Makefile:127：cmTC_6cf5d/fast] 错误 2



Determining if the function cheev_ exists failed with the following output:
Change Dir: /home/quonone/workspace/dev_ws/src/build/predictor/CMakeFiles/CMakeTmp

Run Build Command(s):/usr/bin/gmake -f Makefile cmTC_4c540/fast && /usr/bin/gmake  -f CMakeFiles/cmTC_4c540.dir/build.make CMakeFiles/cmTC_4c540.dir/build
gmake[1]: 进入目录“/home/quonone/workspace/dev_ws/src/build/predictor/CMakeFiles/CMakeTmp”
Building C object CMakeFiles/cmTC_4c540.dir/CheckFunctionExists.c.o
/usr/bin/cc   -DCHECK_FUNCTION_EXISTS=cheev_ -o CMakeFiles/cmTC_4c540.dir/CheckFunctionExists.c.o -c /usr/share/cmake-3.22/Modules/CheckFunctionExists.c
Linking C executable cmTC_4c540
/usr/bin/cmake -E cmake_link_script CMakeFiles/cmTC_4c540.dir/link.txt --verbose=1
/usr/bin/cc  -DCHECK_FUNCTION_EXISTS=cheev_ CMakeFiles/cmTC_4c540.dir/CheckFunctionExists.c.o -o cmTC_4c540  /usr/lib/x86_64-linux-gnu/liblapack.so /usr/lib/x86_64-linux-gnu/libblas.so -fortranlibs 
cc: error: unrecognized command-line option ‘-fortranlibs’
gmake[1]: *** [CMakeFiles/cmTC_4c540.dir/build.make:101：cmTC_4c540] 错误 1
gmake[1]: 离开目录“/home/quonone/workspace/dev_ws/src/build/predictor/CMakeFiles/CMakeTmp”
gmake: *** [Makefile:127：cmTC_4c540/fast] 错误 2



