[0.016s] Invoking command in '/home/quonone/workspace/dev_ws/src/build/predictor': CMAKE_PREFIX_PATH=/opt/ros/humble /usr/bin/cmake /home/quonone/workspace/dev_ws/src/predictor -DCMAKE_INSTALL_PREFIX=/home/quonone/workspace/dev_ws/src/install/predictor
[0.097s] -- The C compiler identification is GNU 11.3.0
[0.145s] -- The CXX compiler identification is GNU 11.3.0
[0.154s] -- Detecting C compiler ABI info
[0.201s] -- Detecting C compiler ABI info - done
[0.207s] -- Check for working C compiler: /usr/bin/cc - skipped
[0.207s] -- Detecting C compile features
[0.211s] -- Detecting C compile features - done
[0.215s] -- Detecting CXX compiler ABI info
[0.275s] -- Detecting CXX compiler ABI info - done
[0.280s] -- Check for working CXX compiler: /usr/bin/c++ - skipped
[0.280s] -- Detecting CXX compile features
[0.280s] -- Detecting CXX compile features - done
[0.296s] -- Found ament_cmake: 1.3.3 (/opt/ros/humble/share/ament_cmake/cmake)
[0.435s] -- Found Python3: /usr/bin/python3.10 (found version "3.10.6") found components: Interpreter 
[0.516s] -- Found rclcpp: 16.0.3 (/opt/ros/humble/share/rclcpp/cmake)
[0.579s] -- Found rosidl_generator_c: 3.1.4 (/opt/ros/humble/share/rosidl_generator_c/cmake)
[0.586s] -- Found rosidl_adapter: 3.1.4 (/opt/ros/humble/share/rosidl_adapter/cmake)
[0.596s] -- Found rosidl_generator_cpp: 3.1.4 (/opt/ros/humble/share/rosidl_generator_cpp/cmake)
[0.615s] -- Using all available rosidl_typesupport_c: rosidl_typesupport_fastrtps_c;rosidl_typesupport_introspection_c
[0.639s] -- Using all available rosidl_typesupport_cpp: rosidl_typesupport_fastrtps_cpp;rosidl_typesupport_introspection_cpp
[0.697s] -- Found rmw_implementation_cmake: 6.1.1 (/opt/ros/humble/share/rmw_implementation_cmake/cmake)
[0.699s] -- Found rmw_fastrtps_cpp: 6.2.2 (/opt/ros/humble/share/rmw_fastrtps_cpp/cmake)
[0.778s] -- Found OpenSSL: /usr/lib/x86_64-linux-gnu/libcrypto.so (found version "3.0.2")  
[0.796s] -- Found FastRTPS: /opt/ros/humble/include  
[0.835s] -- Using RMW implementation 'rmw_fastrtps_cpp' as default
[0.844s] -- Looking for pthread.h
[0.889s] -- Looking for pthread.h - found
[0.889s] -- Performing Test CMAKE_HAVE_LIBC_PTHREAD
[0.943s] -- Performing Test CMAKE_HAVE_LIBC_PTHREAD - Success
[0.943s] -- Found Threads: TRUE  
[1.091s] [31mCMake Error at CMakeLists.txt:11 (find_package):
[1.091s]   By not providing "Findmy_interfaces.cmake" in CMAKE_MODULE_PATH this
[1.091s]   project has asked CMake to find a package configuration file provided by
[1.091s]   "my_interfaces", but CMake did not find one.
[1.091s] 
[1.092s]   Could not find a package configuration file provided by "my_interfaces"
[1.092s]   with any of the following names:
[1.092s] 
[1.092s]     my_interfacesConfig.cmake
[1.092s]     my_interfaces-config.cmake
[1.092s] 
[1.092s]   Add the installation prefix of "my_interfaces" to CMAKE_PREFIX_PATH or set
[1.092s]   "my_interfaces_DIR" to a directory containing one of the above files.  If
[1.092s]   "my_interfaces" provides a separate development package or SDK, be sure it
[1.092s]   has been installed.
[1.092s] 
[1.092s] [0m
[1.092s] -- Configuring incomplete, errors occurred!
[1.092s] See also "/home/quonone/workspace/dev_ws/src/build/predictor/CMakeFiles/CMakeOutput.log".
[1.101s] Invoked command in '/home/quonone/workspace/dev_ws/src/build/predictor' returned '1': CMAKE_PREFIX_PATH=/opt/ros/humble /usr/bin/cmake /home/quonone/workspace/dev_ws/src/predictor -DCMAKE_INSTALL_PREFIX=/home/quonone/workspace/dev_ws/src/install/predictor
