[0.015s] Invoking command in '/home/quonone/workspace/dev_ws/src/build/my_interfaces': CMAKE_PREFIX_PATH=/opt/ros/humble /usr/bin/cmake /home/quonone/workspace/dev_ws/src/my_interfaces -DCMAKE_INSTALL_PREFIX=/home/quonone/workspace/dev_ws/src/install/my_interfaces
[0.070s] -- The C compiler identification is GNU 11.3.0
[0.117s] -- The CXX compiler identification is GNU 11.3.0
[0.124s] -- Detecting C compiler ABI info
[0.170s] -- Detecting C compiler ABI info - done
[0.175s] -- Check for working C compiler: /usr/bin/cc - skipped
[0.175s] -- Detecting C compile features
[0.175s] -- Detecting C compile features - done
[0.177s] -- Detecting CXX compiler ABI info
[0.232s] -- Detecting CXX compiler ABI info - done
[0.238s] -- Check for working CXX compiler: /usr/bin/c++ - skipped
[0.238s] -- Detecting CXX compile features
[0.238s] -- Detecting CXX compile features - done
[0.240s] -- Found ament_cmake: 1.3.3 (/opt/ros/humble/share/ament_cmake/cmake)
[0.363s] -- Found Python3: /usr/bin/python3.10 (found version "3.10.6") found components: Interpreter 
[0.430s] -- Found rosidl_default_generators: 1.2.0 (/opt/ros/humble/share/rosidl_default_generators/cmake)
[0.432s] -- Using all available rosidl_typesupport_c: rosidl_typesupport_fastrtps_c;rosidl_typesupport_introspection_c
[0.436s] -- Found rosidl_adapter: 3.1.4 (/opt/ros/humble/share/rosidl_adapter/cmake)
[0.463s] -- Using all available rosidl_typesupport_cpp: rosidl_typesupport_fastrtps_cpp;rosidl_typesupport_introspection_cpp
[0.490s] -- Found geometry_msgs: 4.2.3 (/opt/ros/humble/share/geometry_msgs/cmake)
[0.837s] -- Found ament_cmake_ros: 0.10.0 (/opt/ros/humble/share/ament_cmake_ros/cmake)
[1.028s] -- Using all available rosidl_typesupport_c: rosidl_typesupport_fastrtps_c;rosidl_typesupport_introspection_c
[1.280s] -- Using all available rosidl_typesupport_cpp: rosidl_typesupport_fastrtps_cpp;rosidl_typesupport_introspection_cpp
[1.296s] -- Found PythonInterp: /usr/bin/python3 (found suitable version "3.10.6", minimum required is "3.6") 
[1.297s] -- Found python_cmake_module: 0.10.0 (/opt/ros/humble/share/python_cmake_module/cmake)
[1.323s] -- Found PythonLibs: /usr/lib/x86_64-linux-gnu/libpython3.10.so (found suitable version "3.10.6", minimum required is "3.5") 
[1.323s] -- Using PYTHON_EXECUTABLE: /usr/bin/python3
[1.323s] -- Using PYTHON_INCLUDE_DIRS: /usr/local/include/python3.10
[1.323s] -- Using PYTHON_LIBRARIES: /usr/lib/x86_64-linux-gnu/libpython3.10.so
[1.340s] -- Found PythonExtra: .so  
[1.384s] -- Found ament_lint_auto: 0.12.5 (/opt/ros/humble/share/ament_lint_auto/cmake)
[1.402s] -- Added test 'lint_cmake' to check CMake code style
[1.403s] -- Added test 'xmllint' to check XML markup files
[1.406s] -- Configuring done
[1.440s] -- Generating done
[1.441s] -- Build files have been written to: /home/quonone/workspace/dev_ws/src/build/my_interfaces
[1.454s] Invoked command in '/home/quonone/workspace/dev_ws/src/build/my_interfaces' returned '0': CMAKE_PREFIX_PATH=/opt/ros/humble /usr/bin/cmake /home/quonone/workspace/dev_ws/src/my_interfaces -DCMAKE_INSTALL_PREFIX=/home/quonone/workspace/dev_ws/src/install/my_interfaces
[1.456s] Invoking command in '/home/quonone/workspace/dev_ws/src/build/my_interfaces': CMAKE_PREFIX_PATH=/opt/ros/humble /usr/bin/cmake --build /home/quonone/workspace/dev_ws/src/build/my_interfaces -- -j12 -l12
[1.484s] [  2%] [34m[1mGenerating C code for ROS interfaces[0m
[1.490s] [  4%] [34m[1mGenerating C++ code for ROS interfaces[0m
[1.495s] [  4%] Built target ament_cmake_python_copy_my_interfaces
[1.718s] running egg_info
[1.719s] creating my_interfaces.egg-info
[1.719s] writing my_interfaces.egg-info/PKG-INFO
[1.719s] writing dependency_links to my_interfaces.egg-info/dependency_links.txt
[1.720s] writing top-level names to my_interfaces.egg-info/top_level.txt
[1.720s] writing manifest file 'my_interfaces.egg-info/SOURCES.txt'
[1.723s] reading manifest file 'my_interfaces.egg-info/SOURCES.txt'
[1.723s] writing manifest file 'my_interfaces.egg-info/SOURCES.txt'
[1.751s] [  4%] Built target ament_cmake_python_build_my_interfaces_egg
[1.800s] [  4%] Built target my_interfaces__cpp
[1.808s] [ 10%] [34m[1mGenerating C++ type support dispatch for ROS interfaces[0m
[1.808s] [ 10%] [34m[1mGenerating C++ type support for eProsima Fast-RTPS[0m
[1.808s] [ 10%] [34m[1mGenerating C++ introspection for ROS interfaces[0m
[1.852s] [ 17%] [32mBuilding C object CMakeFiles/my_interfaces__rosidl_generator_c.dir/rosidl_generator_c/my_interfaces/msg/detail/robot_status__functions.c.o[0m
[1.852s] [ 17%] [32mBuilding C object CMakeFiles/my_interfaces__rosidl_generator_c.dir/rosidl_generator_c/my_interfaces/msg/detail/armor__functions.c.o[0m
[1.852s] [ 17%] [32mBuilding C object CMakeFiles/my_interfaces__rosidl_generator_c.dir/rosidl_generator_c/my_interfaces/msg/detail/send_data__functions.c.o[0m
[1.894s] [ 19%] [32m[1mLinking C shared library libmy_interfaces__rosidl_generator_c.so[0m
[1.930s] [ 19%] Built target my_interfaces__rosidl_generator_c
[1.945s] [ 21%] [34m[1mGenerating C type support dispatch for ROS interfaces[0m
[1.945s] [ 25%] [34m[1mGenerating C type support for eProsima Fast-RTPS[0m
[1.945s] [ 25%] [34m[1mGenerating C introspection for ROS interfaces[0m
[2.099s] [ 31%] [32mBuilding CXX object CMakeFiles/my_interfaces__rosidl_typesupport_cpp.dir/rosidl_typesupport_cpp/my_interfaces/msg/send_data__type_support.cpp.o[0m
[2.099s] [ 31%] [32mBuilding CXX object CMakeFiles/my_interfaces__rosidl_typesupport_cpp.dir/rosidl_typesupport_cpp/my_interfaces/msg/robot_status__type_support.cpp.o[0m
[2.099s] [ 31%] [32mBuilding CXX object CMakeFiles/my_interfaces__rosidl_typesupport_cpp.dir/rosidl_typesupport_cpp/my_interfaces/msg/armor__type_support.cpp.o[0m
[2.174s] [ 38%] [32mBuilding CXX object CMakeFiles/my_interfaces__rosidl_typesupport_introspection_cpp.dir/rosidl_typesupport_introspection_cpp/my_interfaces/msg/detail/send_data__type_support.cpp.o[0m
[2.174s] [ 38%] [32mBuilding CXX object CMakeFiles/my_interfaces__rosidl_typesupport_introspection_cpp.dir/rosidl_typesupport_introspection_cpp/my_interfaces/msg/detail/robot_status__type_support.cpp.o[0m
[2.174s] [ 38%] [32mBuilding CXX object CMakeFiles/my_interfaces__rosidl_typesupport_introspection_cpp.dir/rosidl_typesupport_introspection_cpp/my_interfaces/msg/detail/armor__type_support.cpp.o[0m
[2.237s] [ 40%] [32mBuilding CXX object CMakeFiles/my_interfaces__rosidl_typesupport_fastrtps_cpp.dir/rosidl_typesupport_fastrtps_cpp/my_interfaces/msg/detail/dds_fastrtps/robot_status__type_support.cpp.o[0m
[2.255s] [ 42%] [32mBuilding CXX object CMakeFiles/my_interfaces__rosidl_typesupport_fastrtps_cpp.dir/rosidl_typesupport_fastrtps_cpp/my_interfaces/msg/detail/dds_fastrtps/armor__type_support.cpp.o[0m
[2.266s] [ 44%] [32mBuilding CXX object CMakeFiles/my_interfaces__rosidl_typesupport_fastrtps_cpp.dir/rosidl_typesupport_fastrtps_cpp/my_interfaces/msg/detail/dds_fastrtps/send_data__type_support.cpp.o[0m
[2.414s] [ 46%] [32mBuilding CXX object CMakeFiles/my_interfaces__rosidl_typesupport_c.dir/rosidl_typesupport_c/my_interfaces/msg/robot_status__type_support.cpp.o[0m
[2.462s] [ 48%] [32mBuilding CXX object CMakeFiles/my_interfaces__rosidl_typesupport_c.dir/rosidl_typesupport_c/my_interfaces/msg/armor__type_support.cpp.o[0m
[2.473s] [ 51%] [32mBuilding CXX object CMakeFiles/my_interfaces__rosidl_typesupport_c.dir/rosidl_typesupport_c/my_interfaces/msg/send_data__type_support.cpp.o[0m
[2.504s] [ 53%] [32mBuilding CXX object CMakeFiles/my_interfaces__rosidl_typesupport_fastrtps_c.dir/rosidl_typesupport_fastrtps_c/my_interfaces/msg/detail/robot_status__type_support_c.cpp.o[0m
[2.529s] [ 55%] [32mBuilding CXX object CMakeFiles/my_interfaces__rosidl_typesupport_fastrtps_c.dir/rosidl_typesupport_fastrtps_c/my_interfaces/msg/detail/send_data__type_support_c.cpp.o[0m
[2.531s] [ 57%] [32mBuilding CXX object CMakeFiles/my_interfaces__rosidl_typesupport_fastrtps_c.dir/rosidl_typesupport_fastrtps_c/my_interfaces/msg/detail/armor__type_support_c.cpp.o[0m
[2.535s] [ 59%] [32m[1mLinking CXX shared library libmy_interfaces__rosidl_typesupport_c.so[0m
[2.542s] [ 61%] [32m[1mLinking CXX shared library libmy_interfaces__rosidl_typesupport_cpp.so[0m
[2.563s] [ 63%] [32mBuilding C object CMakeFiles/my_interfaces__rosidl_typesupport_introspection_c.dir/rosidl_typesupport_introspection_c/my_interfaces/msg/detail/robot_status__type_support.c.o[0m
[2.618s] [ 63%] Built target my_interfaces__rosidl_typesupport_c
[2.639s] [ 65%] [32mBuilding C object CMakeFiles/my_interfaces__rosidl_typesupport_introspection_c.dir/rosidl_typesupport_introspection_c/my_interfaces/msg/detail/armor__type_support.c.o[0m
[2.656s] [ 68%] [32mBuilding C object CMakeFiles/my_interfaces__rosidl_typesupport_introspection_c.dir/rosidl_typesupport_introspection_c/my_interfaces/msg/detail/send_data__type_support.c.o[0m
[2.666s] [ 68%] Built target my_interfaces__rosidl_typesupport_cpp
[2.773s] [ 70%] [32m[1mLinking C shared library libmy_interfaces__rosidl_typesupport_introspection_c.so[0m
[2.812s] [ 70%] Built target my_interfaces__rosidl_typesupport_introspection_c
[2.885s] [ 72%] [32m[1mLinking CXX shared library libmy_interfaces__rosidl_typesupport_introspection_cpp.so[0m
[2.928s] [ 74%] [32m[1mLinking CXX shared library libmy_interfaces__rosidl_typesupport_fastrtps_cpp.so[0m
[2.966s] [ 74%] Built target my_interfaces__rosidl_typesupport_introspection_cpp
[3.026s] [ 74%] Built target my_interfaces__rosidl_typesupport_fastrtps_cpp
[3.027s] [ 76%] [32m[1mLinking CXX shared library libmy_interfaces__rosidl_typesupport_fastrtps_c.so[0m
[3.088s] [ 76%] Built target my_interfaces__rosidl_typesupport_fastrtps_c
[3.101s] [ 76%] Built target my_interfaces
[3.116s] [ 78%] [34m[1mGenerating Python code for ROS interfaces[0m
[3.546s] [ 78%] Built target my_interfaces__py
[3.561s] [ 85%] [32mBuilding C object CMakeFiles/my_interfaces__rosidl_generator_py.dir/rosidl_generator_py/my_interfaces/msg/_armor_s.c.o[0m
[3.561s] [ 85%] [32mBuilding C object CMakeFiles/my_interfaces__rosidl_generator_py.dir/rosidl_generator_py/my_interfaces/msg/_robot_status_s.c.o[0m
[3.561s] [ 85%] [32mBuilding C object CMakeFiles/my_interfaces__rosidl_generator_py.dir/rosidl_generator_py/my_interfaces/msg/_send_data_s.c.o[0m
[3.647s] [ 87%] [32m[1mLinking C shared library rosidl_generator_py/my_interfaces/libmy_interfaces__rosidl_generator_py.so[0m
[3.679s] [ 87%] Built target my_interfaces__rosidl_generator_py
[3.691s] [ 93%] [32mBuilding C object CMakeFiles/my_interfaces__rosidl_typesupport_c__pyext.dir/rosidl_generator_py/my_interfaces/_my_interfaces_s.ep.rosidl_typesupport_c.c.o[0m
[3.691s] [ 93%] [32mBuilding C object CMakeFiles/my_interfaces__rosidl_typesupport_fastrtps_c__pyext.dir/rosidl_generator_py/my_interfaces/_my_interfaces_s.ep.rosidl_typesupport_fastrtps_c.c.o[0m
[3.691s] [ 93%] [32mBuilding C object CMakeFiles/my_interfaces__rosidl_typesupport_introspection_c__pyext.dir/rosidl_generator_py/my_interfaces/_my_interfaces_s.ep.rosidl_typesupport_introspection_c.c.o[0m
[3.772s] [100%] [32m[1mLinking C shared library rosidl_generator_py/my_interfaces/my_interfaces_s__rosidl_typesupport_c.cpython-310-x86_64-linux-gnu.so[0m
[3.773s] [100%] [32m[1mLinking C shared library rosidl_generator_py/my_interfaces/my_interfaces_s__rosidl_typesupport_fastrtps_c.cpython-310-x86_64-linux-gnu.so[0m
[3.773s] [100%] [32m[1mLinking C shared library rosidl_generator_py/my_interfaces/my_interfaces_s__rosidl_typesupport_introspection_c.cpython-310-x86_64-linux-gnu.so[0m
[3.799s] [100%] Built target my_interfaces__rosidl_typesupport_c__pyext
[3.800s] [100%] Built target my_interfaces__rosidl_typesupport_fastrtps_c__pyext
[3.800s] [100%] Built target my_interfaces__rosidl_typesupport_introspection_c__pyext
[3.807s] Invoked command in '/home/quonone/workspace/dev_ws/src/build/my_interfaces' returned '0': CMAKE_PREFIX_PATH=/opt/ros/humble /usr/bin/cmake --build /home/quonone/workspace/dev_ws/src/build/my_interfaces -- -j12 -l12
[3.870s] Invoking command in '/home/quonone/workspace/dev_ws/src/build/my_interfaces': CMAKE_PREFIX_PATH=/opt/ros/humble /usr/bin/cmake --install /home/quonone/workspace/dev_ws/src/build/my_interfaces
[3.875s] -- Install configuration: ""
[3.875s] -- Installing: /home/quonone/workspace/dev_ws/src/install/my_interfaces/share/ament_index/resource_index/rosidl_interfaces/my_interfaces
[3.875s] -- Installing: /home/quonone/workspace/dev_ws/src/install/my_interfaces/include/my_interfaces/my_interfaces
[3.876s] -- Installing: /home/quonone/workspace/dev_ws/src/install/my_interfaces/include/my_interfaces/my_interfaces/msg
[3.876s] -- Installing: /home/quonone/workspace/dev_ws/src/install/my_interfaces/include/my_interfaces/my_interfaces/msg/detail
[3.876s] -- Installing: /home/quonone/workspace/dev_ws/src/install/my_interfaces/include/my_interfaces/my_interfaces/msg/detail/robot_status__functions.h
[3.876s] -- Installing: /home/quonone/workspace/dev_ws/src/install/my_interfaces/include/my_interfaces/my_interfaces/msg/detail/send_data__type_support.h
[3.876s] -- Installing: /home/quonone/workspace/dev_ws/src/install/my_interfaces/include/my_interfaces/my_interfaces/msg/detail/robot_status__struct.h
[3.876s] -- Installing: /home/quonone/workspace/dev_ws/src/install/my_interfaces/include/my_interfaces/my_interfaces/msg/detail/send_data__functions.h
[3.876s] -- Installing: /home/quonone/workspace/dev_ws/src/install/my_interfaces/include/my_interfaces/my_interfaces/msg/detail/send_data__functions.c
[3.876s] -- Installing: /home/quonone/workspace/dev_ws/src/install/my_interfaces/include/my_interfaces/my_interfaces/msg/detail/send_data__struct.h
[3.876s] -- Installing: /home/quonone/workspace/dev_ws/src/install/my_interfaces/include/my_interfaces/my_interfaces/msg/detail/armor__type_support.h
[3.876s] -- Installing: /home/quonone/workspace/dev_ws/src/install/my_interfaces/include/my_interfaces/my_interfaces/msg/detail/robot_status__type_support.h
[3.876s] -- Installing: /home/quonone/workspace/dev_ws/src/install/my_interfaces/include/my_interfaces/my_interfaces/msg/detail/armor__functions.h
[3.876s] -- Installing: /home/quonone/workspace/dev_ws/src/install/my_interfaces/include/my_interfaces/my_interfaces/msg/detail/armor__struct.h
[3.876s] -- Installing: /home/quonone/workspace/dev_ws/src/install/my_interfaces/include/my_interfaces/my_interfaces/msg/detail/armor__functions.c
[3.876s] -- Installing: /home/quonone/workspace/dev_ws/src/install/my_interfaces/include/my_interfaces/my_interfaces/msg/detail/robot_status__functions.c
[3.877s] -- Installing: /home/quonone/workspace/dev_ws/src/install/my_interfaces/include/my_interfaces/my_interfaces/msg/robot_status.h
[3.877s] -- Installing: /home/quonone/workspace/dev_ws/src/install/my_interfaces/include/my_interfaces/my_interfaces/msg/armor.h
[3.877s] -- Installing: /home/quonone/workspace/dev_ws/src/install/my_interfaces/include/my_interfaces/my_interfaces/msg/rosidl_generator_c__visibility_control.h
[3.877s] -- Installing: /home/quonone/workspace/dev_ws/src/install/my_interfaces/include/my_interfaces/my_interfaces/msg/send_data.h
[3.877s] -- Installing: /home/quonone/workspace/dev_ws/src/install/my_interfaces/share/my_interfaces/environment/library_path.sh
[3.877s] -- Installing: /home/quonone/workspace/dev_ws/src/install/my_interfaces/share/my_interfaces/environment/library_path.dsv
[3.877s] -- Installing: /home/quonone/workspace/dev_ws/src/install/my_interfaces/lib/libmy_interfaces__rosidl_generator_c.so
[3.877s] -- Set runtime path of "/home/quonone/workspace/dev_ws/src/install/my_interfaces/lib/libmy_interfaces__rosidl_generator_c.so" to ""
[3.877s] -- Up-to-date: /home/quonone/workspace/dev_ws/src/install/my_interfaces/include/my_interfaces/my_interfaces
[3.877s] -- Up-to-date: /home/quonone/workspace/dev_ws/src/install/my_interfaces/include/my_interfaces/my_interfaces/msg
[3.878s] -- Up-to-date: /home/quonone/workspace/dev_ws/src/install/my_interfaces/include/my_interfaces/my_interfaces/msg/detail
[3.878s] -- Installing: /home/quonone/workspace/dev_ws/src/install/my_interfaces/include/my_interfaces/my_interfaces/msg/detail/armor__rosidl_typesupport_fastrtps_c.h
[3.878s] -- Installing: /home/quonone/workspace/dev_ws/src/install/my_interfaces/include/my_interfaces/my_interfaces/msg/detail/send_data__rosidl_typesupport_fastrtps_c.h
[3.878s] -- Installing: /home/quonone/workspace/dev_ws/src/install/my_interfaces/include/my_interfaces/my_interfaces/msg/detail/robot_status__rosidl_typesupport_fastrtps_c.h
[3.878s] -- Installing: /home/quonone/workspace/dev_ws/src/install/my_interfaces/include/my_interfaces/my_interfaces/msg/rosidl_typesupport_fastrtps_c__visibility_control.h
[3.878s] -- Installing: /home/quonone/workspace/dev_ws/src/install/my_interfaces/lib/libmy_interfaces__rosidl_typesupport_fastrtps_c.so
[3.878s] -- Set runtime path of "/home/quonone/workspace/dev_ws/src/install/my_interfaces/lib/libmy_interfaces__rosidl_typesupport_fastrtps_c.so" to ""
[3.878s] -- Up-to-date: /home/quonone/workspace/dev_ws/src/install/my_interfaces/include/my_interfaces/my_interfaces
[3.878s] -- Up-to-date: /home/quonone/workspace/dev_ws/src/install/my_interfaces/include/my_interfaces/my_interfaces/msg
[3.878s] -- Up-to-date: /home/quonone/workspace/dev_ws/src/install/my_interfaces/include/my_interfaces/my_interfaces/msg/detail
[3.878s] -- Installing: /home/quonone/workspace/dev_ws/src/install/my_interfaces/include/my_interfaces/my_interfaces/msg/detail/send_data__type_support.c
[3.878s] -- Installing: /home/quonone/workspace/dev_ws/src/install/my_interfaces/include/my_interfaces/my_interfaces/msg/detail/robot_status__rosidl_typesupport_introspection_c.h
[3.878s] -- Installing: /home/quonone/workspace/dev_ws/src/install/my_interfaces/include/my_interfaces/my_interfaces/msg/detail/armor__type_support.c
[3.878s] -- Installing: /home/quonone/workspace/dev_ws/src/install/my_interfaces/include/my_interfaces/my_interfaces/msg/detail/robot_status__type_support.c
[3.878s] -- Installing: /home/quonone/workspace/dev_ws/src/install/my_interfaces/include/my_interfaces/my_interfaces/msg/detail/armor__rosidl_typesupport_introspection_c.h
[3.878s] -- Installing: /home/quonone/workspace/dev_ws/src/install/my_interfaces/include/my_interfaces/my_interfaces/msg/detail/send_data__rosidl_typesupport_introspection_c.h
[3.878s] -- Installing: /home/quonone/workspace/dev_ws/src/install/my_interfaces/include/my_interfaces/my_interfaces/msg/rosidl_typesupport_introspection_c__visibility_control.h
[3.879s] -- Installing: /home/quonone/workspace/dev_ws/src/install/my_interfaces/lib/libmy_interfaces__rosidl_typesupport_introspection_c.so
[3.879s] -- Set runtime path of "/home/quonone/workspace/dev_ws/src/install/my_interfaces/lib/libmy_interfaces__rosidl_typesupport_introspection_c.so" to ""
[3.879s] -- Installing: /home/quonone/workspace/dev_ws/src/install/my_interfaces/lib/libmy_interfaces__rosidl_typesupport_c.so
[3.879s] -- Set runtime path of "/home/quonone/workspace/dev_ws/src/install/my_interfaces/lib/libmy_interfaces__rosidl_typesupport_c.so" to ""
[3.879s] -- Up-to-date: /home/quonone/workspace/dev_ws/src/install/my_interfaces/include/my_interfaces/my_interfaces
[3.879s] -- Up-to-date: /home/quonone/workspace/dev_ws/src/install/my_interfaces/include/my_interfaces/my_interfaces/msg
[3.879s] -- Installing: /home/quonone/workspace/dev_ws/src/install/my_interfaces/include/my_interfaces/my_interfaces/msg/armor.hpp
[3.879s] -- Up-to-date: /home/quonone/workspace/dev_ws/src/install/my_interfaces/include/my_interfaces/my_interfaces/msg/detail
[3.879s] -- Installing: /home/quonone/workspace/dev_ws/src/install/my_interfaces/include/my_interfaces/my_interfaces/msg/detail/robot_status__traits.hpp
[3.879s] -- Installing: /home/quonone/workspace/dev_ws/src/install/my_interfaces/include/my_interfaces/my_interfaces/msg/detail/robot_status__struct.hpp
[3.879s] -- Installing: /home/quonone/workspace/dev_ws/src/install/my_interfaces/include/my_interfaces/my_interfaces/msg/detail/send_data__traits.hpp
[3.879s] -- Installing: /home/quonone/workspace/dev_ws/src/install/my_interfaces/include/my_interfaces/my_interfaces/msg/detail/armor__struct.hpp
[3.879s] -- Installing: /home/quonone/workspace/dev_ws/src/install/my_interfaces/include/my_interfaces/my_interfaces/msg/detail/armor__traits.hpp
[3.879s] -- Installing: /home/quonone/workspace/dev_ws/src/install/my_interfaces/include/my_interfaces/my_interfaces/msg/detail/send_data__struct.hpp
[3.880s] -- Installing: /home/quonone/workspace/dev_ws/src/install/my_interfaces/include/my_interfaces/my_interfaces/msg/detail/send_data__builder.hpp
[3.880s] -- Installing: /home/quonone/workspace/dev_ws/src/install/my_interfaces/include/my_interfaces/my_interfaces/msg/detail/armor__builder.hpp
[3.880s] -- Installing: /home/quonone/workspace/dev_ws/src/install/my_interfaces/include/my_interfaces/my_interfaces/msg/detail/robot_status__builder.hpp
[3.880s] -- Installing: /home/quonone/workspace/dev_ws/src/install/my_interfaces/include/my_interfaces/my_interfaces/msg/robot_status.hpp
[3.880s] -- Installing: /home/quonone/workspace/dev_ws/src/install/my_interfaces/include/my_interfaces/my_interfaces/msg/send_data.hpp
[3.880s] -- Up-to-date: /home/quonone/workspace/dev_ws/src/install/my_interfaces/include/my_interfaces/my_interfaces
[3.880s] -- Up-to-date: /home/quonone/workspace/dev_ws/src/install/my_interfaces/include/my_interfaces/my_interfaces/msg
[3.880s] -- Up-to-date: /home/quonone/workspace/dev_ws/src/install/my_interfaces/include/my_interfaces/my_interfaces/msg/detail
[3.880s] -- Installing: /home/quonone/workspace/dev_ws/src/install/my_interfaces/include/my_interfaces/my_interfaces/msg/detail/robot_status__rosidl_typesupport_fastrtps_cpp.hpp
[3.880s] -- Installing: /home/quonone/workspace/dev_ws/src/install/my_interfaces/include/my_interfaces/my_interfaces/msg/detail/dds_fastrtps
[3.880s] -- Installing: /home/quonone/workspace/dev_ws/src/install/my_interfaces/include/my_interfaces/my_interfaces/msg/detail/armor__rosidl_typesupport_fastrtps_cpp.hpp
[3.880s] -- Installing: /home/quonone/workspace/dev_ws/src/install/my_interfaces/include/my_interfaces/my_interfaces/msg/detail/send_data__rosidl_typesupport_fastrtps_cpp.hpp
[3.880s] -- Installing: /home/quonone/workspace/dev_ws/src/install/my_interfaces/include/my_interfaces/my_interfaces/msg/rosidl_typesupport_fastrtps_cpp__visibility_control.h
[3.880s] -- Installing: /home/quonone/workspace/dev_ws/src/install/my_interfaces/lib/libmy_interfaces__rosidl_typesupport_fastrtps_cpp.so
[3.881s] -- Set runtime path of "/home/quonone/workspace/dev_ws/src/install/my_interfaces/lib/libmy_interfaces__rosidl_typesupport_fastrtps_cpp.so" to ""
[3.881s] -- Up-to-date: /home/quonone/workspace/dev_ws/src/install/my_interfaces/include/my_interfaces/my_interfaces
[3.881s] -- Up-to-date: /home/quonone/workspace/dev_ws/src/install/my_interfaces/include/my_interfaces/my_interfaces/msg
[3.881s] -- Up-to-date: /home/quonone/workspace/dev_ws/src/install/my_interfaces/include/my_interfaces/my_interfaces/msg/detail
[3.881s] -- Installing: /home/quonone/workspace/dev_ws/src/install/my_interfaces/include/my_interfaces/my_interfaces/msg/detail/armor__type_support.cpp
[3.881s] -- Installing: /home/quonone/workspace/dev_ws/src/install/my_interfaces/include/my_interfaces/my_interfaces/msg/detail/robot_status__type_support.cpp
[3.881s] -- Installing: /home/quonone/workspace/dev_ws/src/install/my_interfaces/include/my_interfaces/my_interfaces/msg/detail/send_data__rosidl_typesupport_introspection_cpp.hpp
[3.881s] -- Installing: /home/quonone/workspace/dev_ws/src/install/my_interfaces/include/my_interfaces/my_interfaces/msg/detail/send_data__type_support.cpp
[3.881s] -- Installing: /home/quonone/workspace/dev_ws/src/install/my_interfaces/include/my_interfaces/my_interfaces/msg/detail/robot_status__rosidl_typesupport_introspection_cpp.hpp
[3.881s] -- Installing: /home/quonone/workspace/dev_ws/src/install/my_interfaces/include/my_interfaces/my_interfaces/msg/detail/armor__rosidl_typesupport_introspection_cpp.hpp
[3.881s] -- Installing: /home/quonone/workspace/dev_ws/src/install/my_interfaces/lib/libmy_interfaces__rosidl_typesupport_introspection_cpp.so
[3.881s] -- Set runtime path of "/home/quonone/workspace/dev_ws/src/install/my_interfaces/lib/libmy_interfaces__rosidl_typesupport_introspection_cpp.so" to ""
[3.881s] -- Installing: /home/quonone/workspace/dev_ws/src/install/my_interfaces/lib/libmy_interfaces__rosidl_typesupport_cpp.so
[3.882s] -- Set runtime path of "/home/quonone/workspace/dev_ws/src/install/my_interfaces/lib/libmy_interfaces__rosidl_typesupport_cpp.so" to ""
[3.882s] -- Installing: /home/quonone/workspace/dev_ws/src/install/my_interfaces/share/my_interfaces/environment/pythonpath.sh
[3.882s] -- Installing: /home/quonone/workspace/dev_ws/src/install/my_interfaces/share/my_interfaces/environment/pythonpath.dsv
[3.882s] -- Installing: /home/quonone/workspace/dev_ws/src/install/my_interfaces/local/lib/python3.10/dist-packages/my_interfaces-0.0.0-py3.10.egg-info
[3.882s] -- Installing: /home/quonone/workspace/dev_ws/src/install/my_interfaces/local/lib/python3.10/dist-packages/my_interfaces-0.0.0-py3.10.egg-info/PKG-INFO
[3.882s] -- Installing: /home/quonone/workspace/dev_ws/src/install/my_interfaces/local/lib/python3.10/dist-packages/my_interfaces-0.0.0-py3.10.egg-info/top_level.txt
[3.882s] -- Installing: /home/quonone/workspace/dev_ws/src/install/my_interfaces/local/lib/python3.10/dist-packages/my_interfaces-0.0.0-py3.10.egg-info/dependency_links.txt
[3.882s] -- Installing: /home/quonone/workspace/dev_ws/src/install/my_interfaces/local/lib/python3.10/dist-packages/my_interfaces-0.0.0-py3.10.egg-info/SOURCES.txt
[3.882s] -- Installing: /home/quonone/workspace/dev_ws/src/install/my_interfaces/local/lib/python3.10/dist-packages/my_interfaces
[3.882s] -- Installing: /home/quonone/workspace/dev_ws/src/install/my_interfaces/local/lib/python3.10/dist-packages/my_interfaces/_my_interfaces_s.ep.rosidl_typesupport_c.c
[3.882s] -- Installing: /home/quonone/workspace/dev_ws/src/install/my_interfaces/local/lib/python3.10/dist-packages/my_interfaces/my_interfaces_s__rosidl_typesupport_c.cpython-310-x86_64-linux-gnu.so
[3.883s] -- Installing: /home/quonone/workspace/dev_ws/src/install/my_interfaces/local/lib/python3.10/dist-packages/my_interfaces/_my_interfaces_s.ep.rosidl_typesupport_introspection_c.c
[3.883s] -- Installing: /home/quonone/workspace/dev_ws/src/install/my_interfaces/local/lib/python3.10/dist-packages/my_interfaces/_my_interfaces_s.ep.rosidl_typesupport_fastrtps_c.c
[3.883s] -- Installing: /home/quonone/workspace/dev_ws/src/install/my_interfaces/local/lib/python3.10/dist-packages/my_interfaces/my_interfaces_s__rosidl_typesupport_introspection_c.cpython-310-x86_64-linux-gnu.so
[3.883s] -- Installing: /home/quonone/workspace/dev_ws/src/install/my_interfaces/local/lib/python3.10/dist-packages/my_interfaces/my_interfaces_s__rosidl_typesupport_fastrtps_c.cpython-310-x86_64-linux-gnu.so
[3.883s] -- Installing: /home/quonone/workspace/dev_ws/src/install/my_interfaces/local/lib/python3.10/dist-packages/my_interfaces/libmy_interfaces__rosidl_generator_py.so
[3.883s] -- Installing: /home/quonone/workspace/dev_ws/src/install/my_interfaces/local/lib/python3.10/dist-packages/my_interfaces/__init__.py
[3.883s] -- Installing: /home/quonone/workspace/dev_ws/src/install/my_interfaces/local/lib/python3.10/dist-packages/my_interfaces/msg
[3.883s] -- Installing: /home/quonone/workspace/dev_ws/src/install/my_interfaces/local/lib/python3.10/dist-packages/my_interfaces/msg/_send_data_s.c
[3.883s] -- Installing: /home/quonone/workspace/dev_ws/src/install/my_interfaces/local/lib/python3.10/dist-packages/my_interfaces/msg/_robot_status.py
[3.883s] -- Installing: /home/quonone/workspace/dev_ws/src/install/my_interfaces/local/lib/python3.10/dist-packages/my_interfaces/msg/_armor.py
[3.883s] -- Installing: /home/quonone/workspace/dev_ws/src/install/my_interfaces/local/lib/python3.10/dist-packages/my_interfaces/msg/__init__.py
[3.883s] -- Installing: /home/quonone/workspace/dev_ws/src/install/my_interfaces/local/lib/python3.10/dist-packages/my_interfaces/msg/_armor_s.c
[3.883s] -- Installing: /home/quonone/workspace/dev_ws/src/install/my_interfaces/local/lib/python3.10/dist-packages/my_interfaces/msg/_robot_status_s.c
[3.883s] -- Installing: /home/quonone/workspace/dev_ws/src/install/my_interfaces/local/lib/python3.10/dist-packages/my_interfaces/msg/_send_data.py
[3.910s] Listing '/home/quonone/workspace/dev_ws/src/install/my_interfaces/local/lib/python3.10/dist-packages/my_interfaces'...
[3.910s] Compiling '/home/quonone/workspace/dev_ws/src/install/my_interfaces/local/lib/python3.10/dist-packages/my_interfaces/__init__.py'...
[3.910s] Listing '/home/quonone/workspace/dev_ws/src/install/my_interfaces/local/lib/python3.10/dist-packages/my_interfaces/msg'...
[3.910s] Compiling '/home/quonone/workspace/dev_ws/src/install/my_interfaces/local/lib/python3.10/dist-packages/my_interfaces/msg/__init__.py'...
[3.910s] Compiling '/home/quonone/workspace/dev_ws/src/install/my_interfaces/local/lib/python3.10/dist-packages/my_interfaces/msg/_armor.py'...
[3.910s] Compiling '/home/quonone/workspace/dev_ws/src/install/my_interfaces/local/lib/python3.10/dist-packages/my_interfaces/msg/_robot_status.py'...
[3.910s] Compiling '/home/quonone/workspace/dev_ws/src/install/my_interfaces/local/lib/python3.10/dist-packages/my_interfaces/msg/_send_data.py'...
[3.920s] -- Installing: /home/quonone/workspace/dev_ws/src/install/my_interfaces/local/lib/python3.10/dist-packages/my_interfaces/my_interfaces_s__rosidl_typesupport_fastrtps_c.cpython-310-x86_64-linux-gnu.so
[3.920s] -- Set runtime path of "/home/quonone/workspace/dev_ws/src/install/my_interfaces/local/lib/python3.10/dist-packages/my_interfaces/my_interfaces_s__rosidl_typesupport_fastrtps_c.cpython-310-x86_64-linux-gnu.so" to ""
[3.920s] -- Installing: /home/quonone/workspace/dev_ws/src/install/my_interfaces/local/lib/python3.10/dist-packages/my_interfaces/my_interfaces_s__rosidl_typesupport_introspection_c.cpython-310-x86_64-linux-gnu.so
[3.921s] -- Set runtime path of "/home/quonone/workspace/dev_ws/src/install/my_interfaces/local/lib/python3.10/dist-packages/my_interfaces/my_interfaces_s__rosidl_typesupport_introspection_c.cpython-310-x86_64-linux-gnu.so" to ""
[3.921s] -- Installing: /home/quonone/workspace/dev_ws/src/install/my_interfaces/local/lib/python3.10/dist-packages/my_interfaces/my_interfaces_s__rosidl_typesupport_c.cpython-310-x86_64-linux-gnu.so
[3.921s] -- Set runtime path of "/home/quonone/workspace/dev_ws/src/install/my_interfaces/local/lib/python3.10/dist-packages/my_interfaces/my_interfaces_s__rosidl_typesupport_c.cpython-310-x86_64-linux-gnu.so" to ""
[3.921s] -- Installing: /home/quonone/workspace/dev_ws/src/install/my_interfaces/lib/libmy_interfaces__rosidl_generator_py.so
[3.922s] -- Set runtime path of "/home/quonone/workspace/dev_ws/src/install/my_interfaces/lib/libmy_interfaces__rosidl_generator_py.so" to ""
[3.922s] -- Installing: /home/quonone/workspace/dev_ws/src/install/my_interfaces/share/my_interfaces/msg/RobotStatus.idl
[3.922s] -- Installing: /home/quonone/workspace/dev_ws/src/install/my_interfaces/share/my_interfaces/msg/Armor.idl
[3.922s] -- Installing: /home/quonone/workspace/dev_ws/src/install/my_interfaces/share/my_interfaces/msg/SendData.idl
[3.922s] -- Installing: /home/quonone/workspace/dev_ws/src/install/my_interfaces/share/my_interfaces/msg/RobotStatus.msg
[3.923s] -- Installing: /home/quonone/workspace/dev_ws/src/install/my_interfaces/share/my_interfaces/msg/Armor.msg
[3.923s] -- Installing: /home/quonone/workspace/dev_ws/src/install/my_interfaces/share/my_interfaces/msg/SendData.msg
[3.923s] -- Installing: /home/quonone/workspace/dev_ws/src/install/my_interfaces/share/ament_index/resource_index/package_run_dependencies/my_interfaces
[3.923s] -- Installing: /home/quonone/workspace/dev_ws/src/install/my_interfaces/share/ament_index/resource_index/parent_prefix_path/my_interfaces
[3.924s] -- Installing: /home/quonone/workspace/dev_ws/src/install/my_interfaces/share/my_interfaces/environment/ament_prefix_path.sh
[3.924s] -- Installing: /home/quonone/workspace/dev_ws/src/install/my_interfaces/share/my_interfaces/environment/ament_prefix_path.dsv
[3.924s] -- Installing: /home/quonone/workspace/dev_ws/src/install/my_interfaces/share/my_interfaces/environment/path.sh
[3.924s] -- Installing: /home/quonone/workspace/dev_ws/src/install/my_interfaces/share/my_interfaces/environment/path.dsv
[3.924s] -- Installing: /home/quonone/workspace/dev_ws/src/install/my_interfaces/share/my_interfaces/local_setup.bash
[3.925s] -- Installing: /home/quonone/workspace/dev_ws/src/install/my_interfaces/share/my_interfaces/local_setup.sh
[3.925s] -- Installing: /home/quonone/workspace/dev_ws/src/install/my_interfaces/share/my_interfaces/local_setup.zsh
[3.925s] -- Installing: /home/quonone/workspace/dev_ws/src/install/my_interfaces/share/my_interfaces/local_setup.dsv
[3.925s] -- Installing: /home/quonone/workspace/dev_ws/src/install/my_interfaces/share/my_interfaces/package.dsv
[3.926s] -- Installing: /home/quonone/workspace/dev_ws/src/install/my_interfaces/share/ament_index/resource_index/packages/my_interfaces
[3.926s] -- Installing: /home/quonone/workspace/dev_ws/src/install/my_interfaces/share/my_interfaces/cmake/export_my_interfaces__rosidl_generator_cExport.cmake
[3.926s] -- Installing: /home/quonone/workspace/dev_ws/src/install/my_interfaces/share/my_interfaces/cmake/export_my_interfaces__rosidl_generator_cExport-noconfig.cmake
[3.926s] -- Installing: /home/quonone/workspace/dev_ws/src/install/my_interfaces/share/my_interfaces/cmake/export_my_interfaces__rosidl_typesupport_fastrtps_cExport.cmake
[3.927s] -- Installing: /home/quonone/workspace/dev_ws/src/install/my_interfaces/share/my_interfaces/cmake/export_my_interfaces__rosidl_typesupport_fastrtps_cExport-noconfig.cmake
[3.927s] -- Installing: /home/quonone/workspace/dev_ws/src/install/my_interfaces/share/my_interfaces/cmake/my_interfaces__rosidl_typesupport_introspection_cExport.cmake
[3.927s] -- Installing: /home/quonone/workspace/dev_ws/src/install/my_interfaces/share/my_interfaces/cmake/my_interfaces__rosidl_typesupport_introspection_cExport-noconfig.cmake
[3.927s] -- Installing: /home/quonone/workspace/dev_ws/src/install/my_interfaces/share/my_interfaces/cmake/my_interfaces__rosidl_typesupport_cExport.cmake
[3.927s] -- Installing: /home/quonone/workspace/dev_ws/src/install/my_interfaces/share/my_interfaces/cmake/my_interfaces__rosidl_typesupport_cExport-noconfig.cmake
[3.928s] -- Installing: /home/quonone/workspace/dev_ws/src/install/my_interfaces/share/my_interfaces/cmake/export_my_interfaces__rosidl_generator_cppExport.cmake
[3.928s] -- Installing: /home/quonone/workspace/dev_ws/src/install/my_interfaces/share/my_interfaces/cmake/export_my_interfaces__rosidl_typesupport_fastrtps_cppExport.cmake
[3.928s] -- Installing: /home/quonone/workspace/dev_ws/src/install/my_interfaces/share/my_interfaces/cmake/export_my_interfaces__rosidl_typesupport_fastrtps_cppExport-noconfig.cmake
[3.928s] -- Installing: /home/quonone/workspace/dev_ws/src/install/my_interfaces/share/my_interfaces/cmake/my_interfaces__rosidl_typesupport_introspection_cppExport.cmake
[3.929s] -- Installing: /home/quonone/workspace/dev_ws/src/install/my_interfaces/share/my_interfaces/cmake/my_interfaces__rosidl_typesupport_introspection_cppExport-noconfig.cmake
[3.929s] -- Installing: /home/quonone/workspace/dev_ws/src/install/my_interfaces/share/my_interfaces/cmake/my_interfaces__rosidl_typesupport_cppExport.cmake
[3.929s] -- Installing: /home/quonone/workspace/dev_ws/src/install/my_interfaces/share/my_interfaces/cmake/my_interfaces__rosidl_typesupport_cppExport-noconfig.cmake
[3.929s] -- Installing: /home/quonone/workspace/dev_ws/src/install/my_interfaces/share/my_interfaces/cmake/export_my_interfaces__rosidl_generator_pyExport.cmake
[3.930s] -- Installing: /home/quonone/workspace/dev_ws/src/install/my_interfaces/share/my_interfaces/cmake/export_my_interfaces__rosidl_generator_pyExport-noconfig.cmake
[3.930s] -- Installing: /home/quonone/workspace/dev_ws/src/install/my_interfaces/share/my_interfaces/cmake/rosidl_cmake-extras.cmake
[3.930s] -- Installing: /home/quonone/workspace/dev_ws/src/install/my_interfaces/share/my_interfaces/cmake/ament_cmake_export_dependencies-extras.cmake
[3.930s] -- Installing: /home/quonone/workspace/dev_ws/src/install/my_interfaces/share/my_interfaces/cmake/ament_cmake_export_include_directories-extras.cmake
[3.931s] -- Installing: /home/quonone/workspace/dev_ws/src/install/my_interfaces/share/my_interfaces/cmake/ament_cmake_export_libraries-extras.cmake
[3.931s] -- Installing: /home/quonone/workspace/dev_ws/src/install/my_interfaces/share/my_interfaces/cmake/ament_cmake_export_targets-extras.cmake
[3.931s] -- Installing: /home/quonone/workspace/dev_ws/src/install/my_interfaces/share/my_interfaces/cmake/rosidl_cmake_export_typesupport_targets-extras.cmake
[3.931s] -- Installing: /home/quonone/workspace/dev_ws/src/install/my_interfaces/share/my_interfaces/cmake/rosidl_cmake_export_typesupport_libraries-extras.cmake
[3.931s] -- Installing: /home/quonone/workspace/dev_ws/src/install/my_interfaces/share/my_interfaces/cmake/my_interfacesConfig.cmake
[3.932s] -- Installing: /home/quonone/workspace/dev_ws/src/install/my_interfaces/share/my_interfaces/cmake/my_interfacesConfig-version.cmake
[3.932s] -- Installing: /home/quonone/workspace/dev_ws/src/install/my_interfaces/share/my_interfaces/package.xml
[3.936s] Invoked command in '/home/quonone/workspace/dev_ws/src/build/my_interfaces' returned '0': CMAKE_PREFIX_PATH=/opt/ros/humble /usr/bin/cmake --install /home/quonone/workspace/dev_ws/src/build/my_interfaces
