[0.016s] Invoking command in '/home/quonone/workspace/dev_ws/src/build/predictor': CMAKE_PREFIX_PATH=${CMAKE_PREFIX_PATH}:/opt/ros/humble /usr/bin/cmake --build /home/quonone/workspace/dev_ws/src/build/predictor -- -j12 -l12
[0.059s] [35m[1mConsolidate compiler generated dependencies of target predictor[0m
[0.084s] [ 50%] [32mBuilding CXX object CMakeFiles/predictor.dir/src/predictor.cpp.o[0m
[11.675s] [100%] [32m[1mLinking CXX executable predictor[0m
[12.158s] [100%] Built target predictor
[12.171s] Invoked command in '/home/quonone/workspace/dev_ws/src/build/predictor' returned '0': CMAKE_PREFIX_PATH=${CMAKE_PREFIX_PATH}:/opt/ros/humble /usr/bin/cmake --build /home/quonone/workspace/dev_ws/src/build/predictor -- -j12 -l12
[12.194s] Invoking command in '/home/quonone/workspace/dev_ws/src/build/predictor': CMAKE_PREFIX_PATH=${CMAKE_PREFIX_PATH}:/opt/ros/humble /usr/bin/cmake --install /home/quonone/workspace/dev_ws/src/build/predictor
[12.200s] -- Install configuration: ""
[12.200s] -- Installing: /home/quonone/workspace/dev_ws/src/install/predictor/lib/predictor/predictor
[12.203s] -- Set runtime path of "/home/quonone/workspace/dev_ws/src/install/predictor/lib/predictor/predictor" to ""
[12.203s] -- Up-to-date: /home/quonone/workspace/dev_ws/src/install/predictor/share/ament_index/resource_index/package_run_dependencies/predictor
[12.204s] -- Up-to-date: /home/quonone/workspace/dev_ws/src/install/predictor/share/ament_index/resource_index/parent_prefix_path/predictor
[12.204s] -- Up-to-date: /home/quonone/workspace/dev_ws/src/install/predictor/share/predictor/environment/ament_prefix_path.sh
[12.204s] -- Up-to-date: /home/quonone/workspace/dev_ws/src/install/predictor/share/predictor/environment/ament_prefix_path.dsv
[12.204s] -- Up-to-date: /home/quonone/workspace/dev_ws/src/install/predictor/share/predictor/environment/path.sh
[12.204s] -- Up-to-date: /home/quonone/workspace/dev_ws/src/install/predictor/share/predictor/environment/path.dsv
[12.204s] -- Up-to-date: /home/quonone/workspace/dev_ws/src/install/predictor/share/predictor/local_setup.bash
[12.204s] -- Up-to-date: /home/quonone/workspace/dev_ws/src/install/predictor/share/predictor/local_setup.sh
[12.204s] -- Up-to-date: /home/quonone/workspace/dev_ws/src/install/predictor/share/predictor/local_setup.zsh
[12.204s] -- Up-to-date: /home/quonone/workspace/dev_ws/src/install/predictor/share/predictor/local_setup.dsv
[12.204s] -- Installing: /home/quonone/workspace/dev_ws/src/install/predictor/share/predictor/package.dsv
[12.204s] -- Up-to-date: /home/quonone/workspace/dev_ws/src/install/predictor/share/ament_index/resource_index/packages/predictor
[12.204s] -- Up-to-date: /home/quonone/workspace/dev_ws/src/install/predictor/share/predictor/cmake/predictorConfig.cmake
[12.204s] -- Up-to-date: /home/quonone/workspace/dev_ws/src/install/predictor/share/predictor/cmake/predictorConfig-version.cmake
[12.204s] -- Up-to-date: /home/quonone/workspace/dev_ws/src/install/predictor/share/predictor/package.xml
[12.206s] Invoked command in '/home/quonone/workspace/dev_ws/src/build/predictor' returned '0': CMAKE_PREFIX_PATH=${CMAKE_PREFIX_PATH}:/opt/ros/humble /usr/bin/cmake --install /home/quonone/workspace/dev_ws/src/build/predictor
